<?xml version="1.0" encoding="UTF-8"?>
<testsuite name="testing.VulnerabilityTest" tests="1" skipped="0" failures="0" errors="0" timestamp="2020-11-30T02:53:13" hostname="DESKTOP-L4ESQL9" time="161.211">
  <properties/>
  <testcase name="runVulnerabilityTest" classname="testing.VulnerabilityTest" time="161.211"/>
  <system-out><![CDATA[ID SCAN : 3
PROGRESS STATUS : 0
PROGRESS STATUS : 1
PROGRESS STATUS : 1
PROGRESS STATUS : 1
PROGRESS STATUS : 1
PROGRESS STATUS : 1
PROGRESS STATUS : 3
PROGRESS STATUS : 100
]]></system-out>
  <system-err><![CDATA[]]></system-err>
</testsuite>
